2024-03-06 09:26:09,683 [INFO] src.utils.instantiator: Instantiating callback <pytorch_lightning.callbacks.ModelCheckpoint>
2024-03-06 09:28:12,512 [INFO] src.utils.instantiator: Instantiating callback <pytorch_lightning.callbacks.ModelCheckpoint>
2024-03-06 09:30:40,741 [INFO] src.utils.instantiator: Instantiating callback <pytorch_lightning.callbacks.ModelCheckpoint>
2024-03-06 09:34:12,155 [INFO] src.utils.instantiator: Instantiating callback <pytorch_lightning.callbacks.ModelCheckpoint>
2024-03-06 09:38:14,629 [INFO] src.utils.instantiator: Instantiating callback <pytorch_lightning.callbacks.ModelCheckpoint>
2024-03-06 09:38:14,632 [INFO] src.utils.instantiator: Instantiating callback <pytorch_lightning.callbacks.EarlyStopping>
2024-03-06 09:38:14,633 [INFO] src.utils.instantiator: Instantiating callback <pytorch_lightning.callbacks.RichModelSummary>
2024-03-06 09:38:14,634 [INFO] src.utils.instantiator: Instantiating callback <pytorch_lightning.callbacks.RichProgressBar>
2024-03-06 09:38:14,635 [INFO] src.utils.instantiator: Instantiating callback <pytorch_lightning.callbacks.LearningRateMonitor>
2024-03-06 09:39:32,263 [INFO] src.utils.instantiator: Instantiating logger <pytorch_lightning.loggers.comet.CometLogger>
2024-03-06 11:36:47,605 [INFO] src.utils.instantiator: Instantiating callback <pytorch_lightning.callbacks.ModelCheckpoint>
2024-03-06 11:36:47,607 [INFO] src.utils.instantiator: Instantiating callback <pytorch_lightning.callbacks.EarlyStopping>
2024-03-06 11:36:47,608 [INFO] src.utils.instantiator: Instantiating callback <pytorch_lightning.callbacks.RichModelSummary>
2024-03-06 11:36:47,609 [INFO] src.utils.instantiator: Instantiating callback <pytorch_lightning.callbacks.RichProgressBar>
2024-03-06 11:36:47,610 [INFO] src.utils.instantiator: Instantiating callback <pytorch_lightning.callbacks.LearningRateMonitor>
2024-03-06 11:36:47,651 [INFO] src.utils.instantiator: Instantiating logger <pytorch_lightning.loggers.comet.CometLogger>
2024-03-08 17:28:42,756 [INFO] src.utils.instantiator: Instantiating callback <pytorch_lightning.callbacks.ModelCheckpoint>
2024-03-08 17:28:42,759 [INFO] src.utils.instantiator: Instantiating callback <pytorch_lightning.callbacks.EarlyStopping>
2024-03-08 17:28:42,760 [INFO] src.utils.instantiator: Instantiating callback <pytorch_lightning.callbacks.RichModelSummary>
2024-03-08 17:28:42,761 [INFO] src.utils.instantiator: Instantiating callback <pytorch_lightning.callbacks.RichProgressBar>
2024-03-08 17:28:42,761 [INFO] src.utils.instantiator: Instantiating callback <pytorch_lightning.callbacks.LearningRateMonitor>
2024-03-08 17:28:42,776 [INFO] src.utils.instantiator: Instantiating logger <pytorch_lightning.loggers.comet.CometLogger>
2024-03-08 17:55:35,349 [INFO] src.utils.instantiator: Instantiating callback <pytorch_lightning.callbacks.ModelCheckpoint>
2024-03-08 17:55:35,352 [INFO] src.utils.instantiator: Instantiating callback <pytorch_lightning.callbacks.EarlyStopping>
2024-03-08 17:55:35,354 [INFO] src.utils.instantiator: Instantiating callback <pytorch_lightning.callbacks.RichModelSummary>
2024-03-08 17:55:35,354 [INFO] src.utils.instantiator: Instantiating callback <pytorch_lightning.callbacks.RichProgressBar>
2024-03-08 17:55:35,355 [INFO] src.utils.instantiator: Instantiating callback <pytorch_lightning.callbacks.LearningRateMonitor>
2024-03-08 17:55:35,425 [INFO] src.utils.instantiator: Instantiating logger <pytorch_lightning.loggers.comet.CometLogger>
