2024-02-29 10:59:42,590 [INFO] src.utils.env_utils: Set environment variable: PATH_DATA=/home/yacine/Documents/PhD/Code/GitProject/PBSHM_mdof/data/processed/SETTINGS1/settings2.db
2024-02-29 10:59:42,590 [INFO] src.utils.env_utils: Set environment variable: PATH_DATA_V=/home/yacine/Documents/PhD/Code/GitProject/PBSHM_mdof/data/processed/SETTINGS1/settings2_vas.db
2024-02-29 10:59:42,590 [INFO] src.utils.env_utils: Set environment variable: COMET_API_KEY=gd2RifnioVchODAgpk637Br8f
2024-02-29 10:59:42,590 [INFO] src.utils.env_utils: Set environment variable: COMET_WORKSPACE=yacinebelhadj
2024-02-29 10:59:42,590 [INFO] src.utils.env_utils: Set environment variable: COMET_PROJECT_NAME=SSL
2024-02-29 10:59:56,303 [INFO] src.utils.env_utils: Set environment variable: PATH_DATA=/home/yacine/Documents/PhD/Code/GitProject/PBSHM_mdof/data/processed/SETTINGS1/settings2.db
2024-02-29 10:59:56,304 [INFO] src.utils.env_utils: Set environment variable: PATH_DATA_V=/home/yacine/Documents/PhD/Code/GitProject/PBSHM_mdof/data/processed/SETTINGS1/settings2_vas.db
2024-02-29 10:59:56,304 [INFO] src.utils.env_utils: Set environment variable: COMET_API_KEY=gd2RifnioVchODAgpk637Br8f
2024-02-29 10:59:56,304 [INFO] src.utils.env_utils: Set environment variable: COMET_WORKSPACE=yacinebelhadj
2024-02-29 10:59:56,304 [INFO] src.utils.env_utils: Set environment variable: COMET_PROJECT_NAME=SSL
2024-02-29 11:00:02,567 [INFO] src.utils.env_utils: Set environment variable: PATH_DATA=/home/yacine/Documents/PhD/Code/GitProject/PBSHM_mdof/data/processed/SETTINGS1/settings2.db
2024-02-29 11:00:02,568 [INFO] src.utils.env_utils: Set environment variable: PATH_DATA_V=/home/yacine/Documents/PhD/Code/GitProject/PBSHM_mdof/data/processed/SETTINGS1/settings2_vas.db
2024-02-29 11:00:02,568 [INFO] src.utils.env_utils: Set environment variable: COMET_API_KEY=gd2RifnioVchODAgpk637Br8f
2024-02-29 11:00:02,568 [INFO] src.utils.env_utils: Set environment variable: COMET_WORKSPACE=yacinebelhadj
2024-02-29 11:00:02,568 [INFO] src.utils.env_utils: Set environment variable: COMET_PROJECT_NAME=SSL
2024-02-29 11:18:57,145 [INFO] src.utils.env_utils: Set environment variable: PATH_DATA=/home/yacine/Documents/PhD/Code/GitProject/PBSHM_mdof/data/processed/SETTINGS1/settings2.db
2024-02-29 11:18:57,145 [INFO] src.utils.env_utils: Set environment variable: PATH_DATA_V=/home/yacine/Documents/PhD/Code/GitProject/PBSHM_mdof/data/processed/SETTINGS1/settings2_vas.db
2024-02-29 11:18:57,145 [INFO] src.utils.env_utils: Set environment variable: COMET_API_KEY=gd2RifnioVchODAgpk637Br8f
2024-02-29 11:18:57,145 [INFO] src.utils.env_utils: Set environment variable: COMET_WORKSPACE=yacinebelhadj
2024-02-29 11:18:57,145 [INFO] src.utils.env_utils: Set environment variable: COMET_PROJECT_NAME=SSL
2024-02-29 11:19:35,613 [INFO] src.utils.env_utils: Set environment variable: PATH_DATA=/home/yacine/Documents/PhD/Code/GitProject/PBSHM_mdof/data/processed/SETTINGS1/settings2.db
2024-02-29 11:19:35,613 [INFO] src.utils.env_utils: Set environment variable: PATH_DATA_V=/home/yacine/Documents/PhD/Code/GitProject/PBSHM_mdof/data/processed/SETTINGS1/settings2_vas.db
2024-02-29 11:19:35,613 [INFO] src.utils.env_utils: Set environment variable: COMET_API_KEY=gd2RifnioVchODAgpk637Br8f
2024-02-29 11:19:35,613 [INFO] src.utils.env_utils: Set environment variable: COMET_WORKSPACE=yacinebelhadj
2024-02-29 11:19:35,613 [INFO] src.utils.env_utils: Set environment variable: COMET_PROJECT_NAME=SSL
2024-02-29 11:20:51,429 [INFO] src.utils.env_utils: Set environment variable: PATH_DATA=/home/yacine/Documents/PhD/Code/GitProject/PBSHM_mdof/data/processed/SETTINGS1/settings2.db
2024-02-29 11:20:51,429 [INFO] src.utils.env_utils: Set environment variable: PATH_DATA_V=/home/yacine/Documents/PhD/Code/GitProject/PBSHM_mdof/data/processed/SETTINGS1/settings2_vas.db
2024-02-29 11:20:51,429 [INFO] src.utils.env_utils: Set environment variable: COMET_API_KEY=gd2RifnioVchODAgpk637Br8f
2024-02-29 11:20:51,429 [INFO] src.utils.env_utils: Set environment variable: COMET_WORKSPACE=yacinebelhadj
2024-02-29 11:20:51,429 [INFO] src.utils.env_utils: Set environment variable: COMET_PROJECT_NAME=SSL
2024-02-29 11:21:55,189 [INFO] src.utils.env_utils: Set environment variable: PATH_DATA=/home/yacine/Documents/PhD/Code/GitProject/PBSHM_mdof/data/processed/SETTINGS1/settings2.db
2024-02-29 11:21:55,189 [INFO] src.utils.env_utils: Set environment variable: PATH_DATA_V=/home/yacine/Documents/PhD/Code/GitProject/PBSHM_mdof/data/processed/SETTINGS1/settings2_vas.db
2024-02-29 11:21:55,189 [INFO] src.utils.env_utils: Set environment variable: COMET_API_KEY=gd2RifnioVchODAgpk637Br8f
2024-02-29 11:21:55,189 [INFO] src.utils.env_utils: Set environment variable: COMET_WORKSPACE=yacinebelhadj
2024-02-29 11:21:55,189 [INFO] src.utils.env_utils: Set environment variable: COMET_PROJECT_NAME=SSL
2024-02-29 11:22:35,756 [INFO] src.utils.env_utils: Set environment variable: PATH_DATA=/home/yacine/Documents/PhD/Code/GitProject/PBSHM_mdof/data/processed/SETTINGS1/settings2.db
2024-02-29 11:22:35,757 [INFO] src.utils.env_utils: Set environment variable: PATH_DATA_V=/home/yacine/Documents/PhD/Code/GitProject/PBSHM_mdof/data/processed/SETTINGS1/settings2_vas.db
2024-02-29 11:22:35,757 [INFO] src.utils.env_utils: Set environment variable: COMET_API_KEY=gd2RifnioVchODAgpk637Br8f
2024-02-29 11:22:35,757 [INFO] src.utils.env_utils: Set environment variable: COMET_WORKSPACE=yacinebelhadj
2024-02-29 11:22:35,757 [INFO] src.utils.env_utils: Set environment variable: COMET_PROJECT_NAME=SSL
2024-02-29 11:23:11,836 [INFO] src.utils.env_utils: Set environment variable: PATH_DATA=/home/yacine/Documents/PhD/Code/GitProject/PBSHM_mdof/data/processed/SETTINGS1/settings2.db
2024-02-29 11:23:11,836 [INFO] src.utils.env_utils: Set environment variable: PATH_DATA_V=/home/yacine/Documents/PhD/Code/GitProject/PBSHM_mdof/data/processed/SETTINGS1/settings2_vas.db
2024-02-29 11:23:11,836 [INFO] src.utils.env_utils: Set environment variable: COMET_API_KEY=gd2RifnioVchODAgpk637Br8f
2024-02-29 11:23:11,836 [INFO] src.utils.env_utils: Set environment variable: COMET_WORKSPACE=yacinebelhadj
2024-02-29 11:23:11,836 [INFO] src.utils.env_utils: Set environment variable: COMET_PROJECT_NAME=SSL
2024-02-29 11:24:15,926 [INFO] src.utils.env_utils: Set environment variable: PATH_DATA=/home/yacine/Documents/PhD/Code/GitProject/PBSHM_mdof/data/processed/SETTINGS1/settings2.db
2024-02-29 11:24:15,926 [INFO] src.utils.env_utils: Set environment variable: PATH_DATA_V=/home/yacine/Documents/PhD/Code/GitProject/PBSHM_mdof/data/processed/SETTINGS1/settings2_vas.db
2024-02-29 11:24:15,926 [INFO] src.utils.env_utils: Set environment variable: COMET_API_KEY=gd2RifnioVchODAgpk637Br8f
2024-02-29 11:24:15,926 [INFO] src.utils.env_utils: Set environment variable: COMET_WORKSPACE=yacinebelhadj
2024-02-29 11:24:15,926 [INFO] src.utils.env_utils: Set environment variable: COMET_PROJECT_NAME=SSL
2024-02-29 11:24:17,218 [INFO] src.utils.env_utils: Set environment variable: PATH_DATA=/home/yacine/Documents/PhD/Code/GitProject/PBSHM_mdof/data/processed/SETTINGS1/settings2.db
2024-02-29 11:24:17,218 [INFO] src.utils.env_utils: Set environment variable: PATH_DATA_V=/home/yacine/Documents/PhD/Code/GitProject/PBSHM_mdof/data/processed/SETTINGS1/settings2_vas.db
2024-02-29 11:24:17,218 [INFO] src.utils.env_utils: Set environment variable: COMET_API_KEY=gd2RifnioVchODAgpk637Br8f
2024-02-29 11:24:17,218 [INFO] src.utils.env_utils: Set environment variable: COMET_WORKSPACE=yacinebelhadj
2024-02-29 11:24:17,218 [INFO] src.utils.env_utils: Set environment variable: COMET_PROJECT_NAME=SSL
2024-02-29 11:24:23,082 [INFO] src.utils.env_utils: Set environment variable: PATH_DATA=/home/yacine/Documents/PhD/Code/GitProject/PBSHM_mdof/data/processed/SETTINGS1/settings2.db
2024-02-29 11:24:23,082 [INFO] src.utils.env_utils: Set environment variable: PATH_DATA_V=/home/yacine/Documents/PhD/Code/GitProject/PBSHM_mdof/data/processed/SETTINGS1/settings2_vas.db
2024-02-29 11:24:23,082 [INFO] src.utils.env_utils: Set environment variable: COMET_API_KEY=gd2RifnioVchODAgpk637Br8f
2024-02-29 11:24:23,082 [INFO] src.utils.env_utils: Set environment variable: COMET_WORKSPACE=yacinebelhadj
2024-02-29 11:24:23,083 [INFO] src.utils.env_utils: Set environment variable: COMET_PROJECT_NAME=SSL
2024-02-29 11:25:21,023 [INFO] src.utils.env_utils: Set environment variable: PATH_DATA=/home/yacine/Documents/PhD/Code/GitProject/PBSHM_mdof/data/processed/SETTINGS1/settings2.db
2024-02-29 11:25:21,023 [INFO] src.utils.env_utils: Set environment variable: PATH_DATA_V=/home/yacine/Documents/PhD/Code/GitProject/PBSHM_mdof/data/processed/SETTINGS1/settings2_vas.db
2024-02-29 11:25:21,023 [INFO] src.utils.env_utils: Set environment variable: COMET_API_KEY=gd2RifnioVchODAgpk637Br8f
2024-02-29 11:25:21,023 [INFO] src.utils.env_utils: Set environment variable: COMET_WORKSPACE=yacinebelhadj
2024-02-29 11:25:21,023 [INFO] src.utils.env_utils: Set environment variable: COMET_PROJECT_NAME=SSL
2024-03-06 09:23:47,602 [INFO] src.utils.env_utils: Set environment variable: PATH_DATA=/home/yacine/Documents/PhD/Code/GitProject/PBSHM_mdof/data/processed/SETTINGS1/settings2.db
2024-03-06 09:23:47,611 [INFO] src.utils.env_utils: Set environment variable: PATH_DATA_V=/home/yacine/Documents/PhD/Code/GitProject/PBSHM_mdof/data/processed/SETTINGS1/settings2_vas.db
2024-03-06 09:23:47,611 [INFO] src.utils.env_utils: Set environment variable: COMET_API_KEY=gd2RifnioVchODAgpk637Br8f
2024-03-06 09:23:47,611 [INFO] src.utils.env_utils: Set environment variable: COMET_WORKSPACE=yacinebelhadj
2024-03-06 09:23:47,611 [INFO] src.utils.env_utils: Set environment variable: COMET_PROJECT_NAME=SSL
2024-03-06 09:28:01,175 [INFO] src.utils.env_utils: Set environment variable: PATH_DATA=/home/yacine/Documents/PhD/Code/GitProject/PBSHM_mdof/data/processed/SETTINGS1/settings2.db
2024-03-06 09:28:01,175 [INFO] src.utils.env_utils: Set environment variable: PATH_DATA_V=/home/yacine/Documents/PhD/Code/GitProject/PBSHM_mdof/data/processed/SETTINGS1/settings2_vas.db
2024-03-06 09:28:01,175 [INFO] src.utils.env_utils: Set environment variable: COMET_API_KEY=gd2RifnioVchODAgpk637Br8f
2024-03-06 09:28:01,175 [INFO] src.utils.env_utils: Set environment variable: COMET_WORKSPACE=yacinebelhadj
2024-03-06 09:28:01,176 [INFO] src.utils.env_utils: Set environment variable: COMET_PROJECT_NAME=SSL
2024-03-06 09:30:30,440 [INFO] src.utils.env_utils: Set environment variable: PATH_DATA=/home/yacine/Documents/PhD/Code/GitProject/PBSHM_mdof/data/processed/SETTINGS1/settings2.db
2024-03-06 09:30:30,440 [INFO] src.utils.env_utils: Set environment variable: PATH_DATA_V=/home/yacine/Documents/PhD/Code/GitProject/PBSHM_mdof/data/processed/SETTINGS1/settings2_vas.db
2024-03-06 09:30:30,440 [INFO] src.utils.env_utils: Set environment variable: COMET_API_KEY=gd2RifnioVchODAgpk637Br8f
2024-03-06 09:30:30,440 [INFO] src.utils.env_utils: Set environment variable: COMET_WORKSPACE=yacinebelhadj
2024-03-06 09:30:30,440 [INFO] src.utils.env_utils: Set environment variable: COMET_PROJECT_NAME=SSL
2024-03-06 09:34:03,932 [INFO] src.utils.env_utils: Set environment variable: PATH_DATA=/home/yacine/Documents/PhD/Code/GitProject/PBSHM_mdof/data/processed/SETTINGS1/settings2.db
2024-03-06 09:34:03,932 [INFO] src.utils.env_utils: Set environment variable: PATH_DATA_V=/home/yacine/Documents/PhD/Code/GitProject/PBSHM_mdof/data/processed/SETTINGS1/settings2_vas.db
2024-03-06 09:34:03,932 [INFO] src.utils.env_utils: Set environment variable: COMET_API_KEY=gd2RifnioVchODAgpk637Br8f
2024-03-06 09:34:03,932 [INFO] src.utils.env_utils: Set environment variable: COMET_WORKSPACE=yacinebelhadj
2024-03-06 09:34:03,932 [INFO] src.utils.env_utils: Set environment variable: COMET_PROJECT_NAME=SSL
2024-03-06 11:35:31,638 [INFO] src.utils.env_utils: Set environment variable: PATH_DATA=/home/yacine/Documents/PhD/Code/GitProject/PBSHM_mdof/data/processed/SETTINGS1/settings2.db
2024-03-06 11:35:31,639 [INFO] src.utils.env_utils: Set environment variable: PATH_DATA_V=/home/yacine/Documents/PhD/Code/GitProject/PBSHM_mdof/data/processed/SETTINGS1/settings2_vas.db
2024-03-06 11:35:31,639 [INFO] src.utils.env_utils: Set environment variable: COMET_API_KEY=gd2RifnioVchODAgpk637Br8f
2024-03-06 11:35:31,639 [INFO] src.utils.env_utils: Set environment variable: COMET_WORKSPACE=yacinebelhadj
2024-03-06 11:35:31,639 [INFO] src.utils.env_utils: Set environment variable: COMET_PROJECT_NAME=SSL
2024-03-08 17:28:29,113 [INFO] src.utils.env_utils: Set environment variable: PATH_DATA=/home/yacine/Documents/PhD/Code/GitProject/PBSHM_mdof/data/processed/SETTINGS1/settings2.db
2024-03-08 17:28:29,113 [INFO] src.utils.env_utils: Set environment variable: PATH_DATA_V=/home/yacine/Documents/PhD/Code/GitProject/PBSHM_mdof/data/processed/SETTINGS1/settings2_vas.db
2024-03-08 17:28:29,113 [INFO] src.utils.env_utils: Set environment variable: COMET_API_KEY=gd2RifnioVchODAgpk637Br8f
2024-03-08 17:28:29,113 [INFO] src.utils.env_utils: Set environment variable: COMET_WORKSPACE=yacinebelhadj
2024-03-08 17:28:29,113 [INFO] src.utils.env_utils: Set environment variable: COMET_PROJECT_NAME=SSL
2024-03-08 17:55:27,468 [INFO] src.utils.env_utils: Set environment variable: PATH_DATA=/home/yacine/Documents/PhD/Code/GitProject/PBSHM_mdof/data/processed/SETTINGS1/settings2.db
2024-03-08 17:55:27,469 [INFO] src.utils.env_utils: Set environment variable: PATH_DATA_V=/home/yacine/Documents/PhD/Code/GitProject/PBSHM_mdof/data/processed/SETTINGS1/settings2_vas.db
2024-03-08 17:55:27,469 [INFO] src.utils.env_utils: Set environment variable: COMET_API_KEY=gd2RifnioVchODAgpk637Br8f
2024-03-08 17:55:27,469 [INFO] src.utils.env_utils: Set environment variable: COMET_WORKSPACE=yacinebelhadj
2024-03-08 17:55:27,469 [INFO] src.utils.env_utils: Set environment variable: COMET_PROJECT_NAME=SSL
