2024-02-08 15:30:34,711 [INFO] __main__: Starting training script
2024-02-08 15:30:34,711 [INFO] __main__: Setting environment variables
2024-02-08 15:30:34,712 [INFO] __main__: Logging gpu info
2024-02-08 15:30:34,712 [INFO] __main__: Setting seed
2024-02-08 15:30:34,713 [INFO] __main__: Instantiating datamodule <<src.data.psm.datamodule.DataModule>>
2024-02-08 15:30:34,728 [INFO] __main__: Instantiating callbacks <<......>>
2024-02-08 15:30:34,735 [INFO] __main__: Instantiating loggers <<......>>
2024-02-08 15:30:34,998 [INFO] __main__: Instantiating Lit - model <<src.model.classifier.ClassifierModule>>
2024-02-08 15:30:35,347 [INFO] __main__: Instantiating Trainer <<pytorch_lightning.Trainer>>
2024-02-08 15:30:35,422 [INFO] __main__: Starting training
2024-02-08 15:32:02,080 [INFO] __main__: Starting training script
2024-02-08 15:32:02,081 [INFO] __main__: Setting environment variables
2024-02-08 15:32:02,081 [INFO] __main__: Logging gpu info
2024-02-08 15:32:02,082 [INFO] __main__: Setting seed
2024-02-08 15:32:02,082 [INFO] __main__: Instantiating datamodule <<src.data.psm.datamodule.DataModule>>
2024-02-08 15:32:02,097 [INFO] __main__: Instantiating callbacks <<......>>
2024-02-08 15:32:02,103 [INFO] __main__: Instantiating loggers <<......>>
2024-02-08 15:32:02,383 [INFO] __main__: Instantiating Lit - model <<src.model.classifier.ClassifierModule>>
2024-02-08 15:32:02,704 [INFO] __main__: Instantiating Trainer <<pytorch_lightning.Trainer>>
2024-02-08 15:32:02,772 [INFO] __main__: Starting training
